0 info it worked if it ends with ok
1 verbose cli [ '/usr/local/bin/node', '/usr/local/bin/npm', 'run', 'test' ]
2 info using npm@3.10.8
3 info using node@v4.5.0
4 verbose run-script [ 'pretest', 'test', 'posttest' ]
5 info lifecycle panic@1.0.0~pretest: panic@1.0.0
6 silly lifecycle panic@1.0.0~pretest: no script for pretest, continuing
7 info lifecycle panic@1.0.0~test: panic@1.0.0
8 verbose lifecycle panic@1.0.0~test: unsafe-perm in lifecycle true
9 verbose lifecycle panic@1.0.0~test: PATH: /usr/local/lib/node_modules/npm/bin/node-gyp-bin:/Users/anthonyaltieri/Documents/Coding/Panic/node_modules/.bin:/Library/Frameworks/Python.framework/Versions/3.5/bin:/Users/anthonyaltieri/anaconda/bin:/Users/anthonyaltieri/.sdkman/candidates/grails/current/bin:/usr/local/mysql/bin:/Users/anthonyaltieri/Downloads/apache-maven-3.3.9/bin/:/data/db/:/usr/local/bin:/usr/bin:/bin:/usr/sbin:/sbin:/opt/X11/bin:/usr/local/git/bin:/Library/TeX/texbin
10 verbose lifecycle panic@1.0.0~test: CWD: /Users/anthonyaltieri/Documents/Coding/Panic
11 silly lifecycle panic@1.0.0~test: Args: [ '-c', 'nodemon test/server.js' ]
12 silly lifecycle panic@1.0.0~test: Returned: code: 1  signal: null
13 info lifecycle panic@1.0.0~test: Failed to exec test script
14 verbose stack Error: panic@1.0.0 test: `nodemon test/server.js`
14 verbose stack Exit status 1
14 verbose stack     at EventEmitter.<anonymous> (/usr/local/lib/node_modules/npm/lib/utils/lifecycle.js:255:16)
14 verbose stack     at emitTwo (events.js:87:13)
14 verbose stack     at EventEmitter.emit (events.js:172:7)
14 verbose stack     at ChildProcess.<anonymous> (/usr/local/lib/node_modules/npm/lib/utils/spawn.js:40:14)
14 verbose stack     at emitTwo (events.js:87:13)
14 verbose stack     at ChildProcess.emit (events.js:172:7)
14 verbose stack     at maybeClose (internal/child_process.js:829:16)
14 verbose stack     at Process.ChildProcess._handle.onexit (internal/child_process.js:211:5)
15 verbose pkgid panic@1.0.0
16 verbose cwd /Users/anthonyaltieri/Documents/Coding/Panic
17 error Darwin 15.3.0
18 error argv "/usr/local/bin/node" "/usr/local/bin/npm" "run" "test"
19 error node v4.5.0
20 error npm  v3.10.8
21 error code ELIFECYCLE
22 error panic@1.0.0 test: `nodemon test/server.js`
22 error Exit status 1
23 error Failed at the panic@1.0.0 test script 'nodemon test/server.js'.
23 error Make sure you have the latest version of node.js and npm installed.
23 error If you do, this is most likely a problem with the panic package,
23 error not with npm itself.
23 error Tell the author that this fails on your system:
23 error     nodemon test/server.js
23 error You can get information on how to open an issue for this project with:
23 error     npm bugs panic
23 error Or if that isn't available, you can get their info via:
23 error     npm owner ls panic
23 error There is likely additional logging output above.
24 verbose exit [ 1, true ]
